Performing C SOURCE FILE Test CMAKE_HAVE_LIBC_PTHREAD failed with the following output:
Change Dir: /cal/exterieurs/dossantos-22/IGR202/TP04-FluidSPH/src/CMakeFiles/CMakeScratch/TryCompile-HA1wwc

Run Build Command(s):/usr/bin/gmake -f Makefile cmTC_fcd6a/fast && /usr/bin/gmake  -f CMakeFiles/cmTC_fcd6a.dir/build.make CMakeFiles/cmTC_fcd6a.dir/build
gmake[1] : on entre dans le répertoire « /cal/exterieurs/dossantos-22/IGR202/TP04-FluidSPH/src/CMakeFiles/CMakeScratch/TryCompile-HA1wwc »
Building C object CMakeFiles/cmTC_fcd6a.dir/src.c.o
/usr/bin/cc -DCMAKE_HAVE_LIBC_PTHREAD   -o CMakeFiles/cmTC_fcd6a.dir/src.c.o -c /cal/exterieurs/dossantos-22/IGR202/TP04-FluidSPH/src/CMakeFiles/CMakeScratch/TryCompile-HA1wwc/src.c
Linking C executable cmTC_fcd6a
/usr/bin/cmake -E cmake_link_script CMakeFiles/cmTC_fcd6a.dir/link.txt --verbose=1
/usr/bin/cc -rdynamic CMakeFiles/cmTC_fcd6a.dir/src.c.o -o cmTC_fcd6a 
/usr/bin/ld : CMakeFiles/cmTC_fcd6a.dir/src.c.o : dans la fonction « main » :
src.c:(.text+0x2f) : référence indéfinie vers « pthread_create »
/usr/bin/ld : src.c:(.text+0x3b) : référence indéfinie vers « pthread_detach »
/usr/bin/ld : src.c:(.text+0x47) : référence indéfinie vers « pthread_cancel »
/usr/bin/ld : src.c:(.text+0x58) : référence indéfinie vers « pthread_join »
collect2: error: ld returned 1 exit status
gmake[1]: *** [CMakeFiles/cmTC_fcd6a.dir/build.make:99 : cmTC_fcd6a] Erreur 1
gmake[1] : on quitte le répertoire « /cal/exterieurs/dossantos-22/IGR202/TP04-FluidSPH/src/CMakeFiles/CMakeScratch/TryCompile-HA1wwc »
gmake: *** [Makefile:127 : cmTC_fcd6a/fast] Erreur 2


Source file was:
#include <pthread.h>

static void* test_func(void* data)
{
  return data;
}

int main(void)
{
  pthread_t thread;
  pthread_create(&thread, NULL, test_func, NULL);
  pthread_detach(thread);
  pthread_cancel(thread);
  pthread_join(thread, NULL);
  pthread_atfork(NULL, NULL, NULL);
  pthread_exit(NULL);

  return 0;
}


Determining if the function pthread_create exists in the pthreads failed with the following output:
Change Dir: /cal/exterieurs/dossantos-22/IGR202/TP04-FluidSPH/src/CMakeFiles/CMakeScratch/TryCompile-rIrRwe

Run Build Command(s):/usr/bin/gmake -f Makefile cmTC_12ffb/fast && /usr/bin/gmake  -f CMakeFiles/cmTC_12ffb.dir/build.make CMakeFiles/cmTC_12ffb.dir/build
gmake[1] : on entre dans le répertoire « /cal/exterieurs/dossantos-22/IGR202/TP04-FluidSPH/src/CMakeFiles/CMakeScratch/TryCompile-rIrRwe »
Building C object CMakeFiles/cmTC_12ffb.dir/CheckFunctionExists.c.o
/usr/bin/cc   -DCHECK_FUNCTION_EXISTS=pthread_create -o CMakeFiles/cmTC_12ffb.dir/CheckFunctionExists.c.o -c /cal/exterieurs/dossantos-22/IGR202/TP04-FluidSPH/src/CMakeFiles/CMakeScratch/TryCompile-rIrRwe/CheckFunctionExists.c
Linking C executable cmTC_12ffb
/usr/bin/cmake -E cmake_link_script CMakeFiles/cmTC_12ffb.dir/link.txt --verbose=1
/usr/bin/cc  -DCHECK_FUNCTION_EXISTS=pthread_create -rdynamic CMakeFiles/cmTC_12ffb.dir/CheckFunctionExists.c.o -o cmTC_12ffb  -lpthreads 
/usr/bin/ld : ne peut trouver -lpthreads
collect2: error: ld returned 1 exit status
gmake[1]: *** [CMakeFiles/cmTC_12ffb.dir/build.make:99 : cmTC_12ffb] Erreur 1
gmake[1] : on quitte le répertoire « /cal/exterieurs/dossantos-22/IGR202/TP04-FluidSPH/src/CMakeFiles/CMakeScratch/TryCompile-rIrRwe »
gmake: *** [Makefile:127 : cmTC_12ffb/fast] Erreur 2



